
Showing logs for build [32mcb-kubecd-environment-pr-209-6-zf2wh-1[0m stage [32mfrom-build-pack[0m and container [32mstep-credential-initializer-45mg8[0m
{"level":"info","ts":1587747724.4199357,"logger":"fallback-logger","caller":"logging/config.go:69","msg":"Fetch GitHub commit ID from kodata failed: open /var/run/ko/refs/heads/0.8.0-ns-support: no such file or directory"}
{"level":"info","ts":1587747724.4205348,"logger":"fallback-logger","caller":"creds-init/main.go:40","msg":"Credentials initialized."}

Showing logs for build [32mcb-kubecd-environment-pr-209-6-zf2wh-1[0m stage [32mfrom-build-pack[0m and container [32mstep-working-dir-initializer-qqxxl[0m
{"level":"info","ts":1587747725.4719205,"logger":"fallback-logger","caller":"logging/config.go:69","msg":"Fetch GitHub commit ID from kodata failed: open /var/run/ko/HEAD: no such file or directory"}
{"level":"info","ts":1587747725.4783783,"logger":"fallback-logger","caller":"bash/main.go:64","msg":"Successfully executed command \"sh -c mkdir -p /workspace/source\"; output "}

Showing logs for build [32mcb-kubecd-environment-pr-209-6-zf2wh-1[0m stage [32mfrom-build-pack[0m and container [32mstep-place-tools[0m

Showing logs for build [32mcb-kubecd-environment-pr-209-6-zf2wh-1[0m stage [32mfrom-build-pack[0m and container [32mstep-git-source-cb-kubecd-environment-pr-209-6-zf2wh-9pqff[0m
{"level":"info","ts":1587747755.5275934,"logger":"fallback-logger","caller":"logging/config.go:69","msg":"Fetch GitHub commit ID from kodata failed: open /var/run/ko/refs/heads/0.8.0-ns-support: no such file or directory"}
{"level":"info","ts":1587747756.6778352,"logger":"fallback-logger","caller":"git/git.go:103","msg":"Successfully cloned https://github.com/cb-kubecd/environment-pr-209-6-boot-vault-gke-production.git @ master in path /workspace/source"}

Showing logs for build [32mcb-kubecd-environment-pr-209-6-zf2wh-1[0m stage [32mfrom-build-pack[0m and container [32mstep-git-merge[0m
Using SHAs from PULL_REFS=master:eea5bbbdf338fdb38b0039c57e0b69b9545317a4,1:a205bde5c396b51062b33fdc92e05b084c7d7dbe
DEBUG: JX_LOG_LEVEL=error LC_ALL=C git fetch origin --unshallow a205bde5c396b51062b33fdc92e05b084c7d7dbe: eea5bbbdf338fdb38b0039c57e0b69b9545317a4:
DEBUG: ran git fetch --unshallow origin a205bde5c396b51062b33fdc92e05b084c7d7dbe: eea5bbbdf338fdb38b0039c57e0b69b9545317a4: in 
DEBUG: LC_ALL=C JX_LOG_LEVEL=error git branch
DEBUG: LC_ALL=C JX_LOG_LEVEL=error git checkout master
DEBUG: ran git checkout master in 
DEBUG: LC_ALL=C JX_LOG_LEVEL=error git reset --hard eea5bbbdf338fdb38b0039c57e0b69b9545317a4
DEBUG: ran git reset --hard eea5bbbdf338fdb38b0039c57e0b69b9545317a4 in 
DEBUG: LC_ALL=C JX_LOG_LEVEL=error git clean -fd .
DEBUG: ran clean --force -d . in 
DEBUG: LC_ALL=C JX_LOG_LEVEL=error git merge a205bde5c396b51062b33fdc92e05b084c7d7dbe
DEBUG: ran git merge a205bde5c396b51062b33fdc92e05b084c7d7dbe in 
DEBUG: LC_ALL=C JX_LOG_LEVEL=error git log --format=%H%x1f%an%x1f%ae%x1f%cn%x1f%ce%x1f%s%n%b%x1e eea5bbbdf338fdb38b0039c57e0b69b9545317a4..HEAD
Merged SHA a205bde5c396b51062b33fdc92e05b084c7d7dbe with commit message 'chore: Promote bdd-spring-1587746378 to version 0.0.1' into base branch master

Showing logs for build [32mcb-kubecd-environment-pr-209-6-zf2wh-1[0m stage [32mfrom-build-pack[0m and container [32mstep-build-helm-build[0m
WARNING: No $CHART_REPOSITORY defined so using the default value of: http://jenkins-x-chartmuseum:8080
Adding missing Helm repo: storage.googleapis.com https://storage.googleapis.com/chartmuseum.jenkins-x.io
WARNING: No secrets found on "helm/repos" due: reading the secret "helm/repos" from vault: no secret "helm/repos" not found in vault
Read credentials for https://storage.googleapis.com/chartmuseum.jenkins-x.io from vault helm/repos
Successfully added Helm repository storage.googleapis.com.
Adding missing Helm repo: jenkins-x-chartmuseum http://jenkins-x-chartmuseum:8080
WARNING: No secrets found on "helm/repos" due: reading the secret "helm/repos" from vault: no secret "helm/repos" not found in vault
Read credentials for http://jenkins-x-chartmuseum:8080 from vault helm/repos
Successfully added Helm repository jenkins-x-chartmuseum.
WARNING: No $CHART_REPOSITORY defined so using the default value of: http://jenkins-x-chartmuseum:8080
Adding missing Helm repo: chartmuseum.jenkins-x.io http://chartmuseum.jenkins-x.io
WARNING: No secrets found on "helm/repos" due: reading the secret "helm/repos" from vault: no secret "helm/repos" not found in vault
Read credentials for http://chartmuseum.jenkins-x.io from vault helm/repos
Successfully added Helm repository chartmuseum.jenkins-x.io.
